###############################################################################
#
# IAR ANSI C/C++ Compiler V8.22.1.15669/W32 for ARM       04/Oct/2024  21:05:54
# Copyright 1999-2018 IAR Systems AB.
#
#    Cpu mode     =  thumb
#    Endian       =  little
#    Source file  =  C:\Users\pnu10\Desktop\project_test\user\main.c
#    Command line =  
#        -f C:\Users\pnu10\AppData\Local\Temp\EWB3BF.tmp
#        (C:\Users\pnu10\Desktop\project_test\user\main.c -D
#        USE_STDPERIPH_DRIVER -D STM32F10X_CL -lC
#        C:\Users\pnu10\Desktop\project_test\Debug\List -o
#        C:\Users\pnu10\Desktop\project_test\Debug\Obj --no_cse --no_unroll
#        --no_inline --no_code_motion --no_tbaa --no_clustering --no_scheduling
#        --debug --endian=little --cpu=Cortex-M3 -e --fpu=None --dlib_config
#        "C:\Program Files (x86)\IAR Systems\Embedded Workbench
#        8.0\arm\INC\c\DLib_Config_Normal.h" -I
#        C:\Users\pnu10\Desktop\project_test\libraries\CMSIS\DeviceSupport\ -I
#        C:\Users\pnu10\Desktop\project_test\libraries\CMSIS\DeviceSupport\Startup\
#        -I
#        C:\Users\pnu10\Desktop\project_test\libraries\STM32F10x_StdPeriph_Driver_v3.5\inc\
#        -I
#        C:\Users\pnu10\Desktop\project_test\libraries\STM32F10x_StdPeriph_Driver_v3.5\src\
#        -I C:\Users\pnu10\Desktop\project_test\user\ -I
#        C:\Users\pnu10\Desktop\project_test\user\inc\ -Ol -I "C:\Program Files
#        (x86)\IAR Systems\Embedded Workbench 8.0\arm\CMSIS\Core\Include\" -I
#        "C:\Program Files (x86)\IAR Systems\Embedded Workbench
#        8.0\arm\CMSIS\DSP\Include\")
#    Locale       =  C
#    List file    =  C:\Users\pnu10\Desktop\project_test\Debug\List\main.lst
#    Object file  =  C:\Users\pnu10\Desktop\project_test\Debug\Obj\main.o
#
###############################################################################

C:\Users\pnu10\Desktop\project_test\user\main.c
      1          #include "stm32f10x.h"
      2          

   \                                 In section .text, align 2, keep-with-next
      3          void SysInit(void) {
      4              /* Set HSION bit */
      5              /* Internal Clock Enable */
      6              RCC->CR |= (uint32_t)0x00000001; //HSION
   \                     SysInit: (+1)
   \   00000000   0x....             LDR.N    R0,??DataTable7  ;; 0x40021000
   \   00000002   0x6800             LDR      R0,[R0, #+0]
   \   00000004   0xF050 0x0001      ORRS     R0,R0,#0x1
   \   00000008   0x....             LDR.N    R1,??DataTable7  ;; 0x40021000
   \   0000000A   0x6008             STR      R0,[R1, #+0]
      7          
      8              /* Reset SW, HPRE, PPRE1, PPRE2, ADCPRE and MCO bits */
      9              RCC->CFGR &= (uint32_t)0xF0FF0000;
   \   0000000C   0x....             LDR.N    R0,??DataTable7_1  ;; 0x40021004
   \   0000000E   0x6801             LDR      R1,[R0, #+0]
   \   00000010   0x....             LDR.N    R0,??DataTable7_2  ;; 0xf0ff0000
   \   00000012   0x4001             ANDS     R1,R0,R1
   \   00000014   0x....             LDR.N    R0,??DataTable7_1  ;; 0x40021004
   \   00000016   0x6001             STR      R1,[R0, #+0]
     10          
     11              /* Reset HSEON, CSSON and PLLON bits */
     12              RCC->CR &= (uint32_t)0xFEF6FFFF;
   \   00000018   0x....             LDR.N    R0,??DataTable7  ;; 0x40021000
   \   0000001A   0x6801             LDR      R1,[R0, #+0]
   \   0000001C   0x....             LDR.N    R0,??DataTable7_3  ;; 0xfef6ffff
   \   0000001E   0x4001             ANDS     R1,R0,R1
   \   00000020   0x....             LDR.N    R0,??DataTable7  ;; 0x40021000
   \   00000022   0x6001             STR      R1,[R0, #+0]
     13          
     14              /* Reset HSEBYP bit */
     15              RCC->CR &= (uint32_t)0xFFFBFFFF;
   \   00000024   0x....             LDR.N    R0,??DataTable7  ;; 0x40021000
   \   00000026   0x6800             LDR      R0,[R0, #+0]
   \   00000028   0xF430 0x2080      BICS     R0,R0,#0x40000
   \   0000002C   0x....             LDR.N    R1,??DataTable7  ;; 0x40021000
   \   0000002E   0x6008             STR      R0,[R1, #+0]
     16          
     17              /* Reset PLLSRC, PLLXTPRE, PLLMUL and USBPRE/OTGFSPRE bits */
     18              RCC->CFGR &= (uint32_t)0xFF80FFFF;
   \   00000030   0x....             LDR.N    R0,??DataTable7_1  ;; 0x40021004
   \   00000032   0x6800             LDR      R0,[R0, #+0]
   \   00000034   0xF430 0x00FE      BICS     R0,R0,#0x7F0000
   \   00000038   0x....             LDR.N    R1,??DataTable7_1  ;; 0x40021004
   \   0000003A   0x6008             STR      R0,[R1, #+0]
     19          
     20              /* Reset PLL2ON and PLL3ON bits */
     21              RCC->CR &= (uint32_t)0xEBFFFFFF;
   \   0000003C   0x....             LDR.N    R0,??DataTable7  ;; 0x40021000
   \   0000003E   0x6800             LDR      R0,[R0, #+0]
   \   00000040   0xF030 0x50A0      BICS     R0,R0,#0x14000000
   \   00000044   0x....             LDR.N    R1,??DataTable7  ;; 0x40021000
   \   00000046   0x6008             STR      R0,[R1, #+0]
     22          
     23              /* Disable all interrupts and clear pending bits  */
     24              RCC->CIR = 0x00FF0000;
   \   00000048   0xF45F 0x007F      MOVS     R0,#+16711680
   \   0000004C   0x....             LDR.N    R1,??DataTable7_4  ;; 0x40021008
   \   0000004E   0x6008             STR      R0,[R1, #+0]
     25          
     26              /* Reset CFGR2 register */
     27              RCC->CFGR2 = 0x00000000;
   \   00000050   0x2000             MOVS     R0,#+0
   \   00000052   0x....             LDR.N    R1,??DataTable7_5  ;; 0x4002102c
   \   00000054   0x6008             STR      R0,[R1, #+0]
     28          }
   \   00000056   0x4770             BX       LR               ;; return
     29          

   \                                 In section .text, align 2, keep-with-next
     30          void SetSysClock(void) {
   \                     SetSysClock: (+1)
   \   00000000   0xB082             SUB      SP,SP,#+8
     31              volatile uint32_t StartUpCounter = 0, HSEStatus = 0;
   \   00000002   0x2000             MOVS     R0,#+0
   \   00000004   0x9001             STR      R0,[SP, #+4]
   \   00000006   0x2000             MOVS     R0,#+0
   \   00000008   0x9000             STR      R0,[SP, #+0]
     32              /* SYSCLK, HCLK, PCLK2 and PCLK1 configuration ---------------------------*/
     33              /* Enable HSE */
     34              RCC->CR |= ((uint32_t)RCC_CR_HSEON);
   \   0000000A   0x....             LDR.N    R0,??DataTable7  ;; 0x40021000
   \   0000000C   0x6800             LDR      R0,[R0, #+0]
   \   0000000E   0xF450 0x3080      ORRS     R0,R0,#0x10000
   \   00000012   0x....             LDR.N    R1,??DataTable7  ;; 0x40021000
   \   00000014   0x6008             STR      R0,[R1, #+0]
     35              /* Wait till HSE is ready and if Time out is reached exit */
     36              do {
     37                  HSEStatus = RCC->CR & RCC_CR_HSERDY;
   \                     ??SetSysClock_0: (+1)
   \   00000016   0x....             LDR.N    R0,??DataTable7  ;; 0x40021000
   \   00000018   0x6800             LDR      R0,[R0, #+0]
   \   0000001A   0xF410 0x3000      ANDS     R0,R0,#0x20000
   \   0000001E   0x9000             STR      R0,[SP, #+0]
     38                  StartUpCounter++;
   \   00000020   0x9801             LDR      R0,[SP, #+4]
   \   00000022   0x1C40             ADDS     R0,R0,#+1
   \   00000024   0x9001             STR      R0,[SP, #+4]
     39              } 
     40              while((HSEStatus == 0) && (StartUpCounter != HSE_STARTUP_TIMEOUT));
   \   00000026   0x9800             LDR      R0,[SP, #+0]
   \   00000028   0x2800             CMP      R0,#+0
   \   0000002A   0xD103             BNE.N    ??SetSysClock_1
   \   0000002C   0x9801             LDR      R0,[SP, #+4]
   \   0000002E   0xF5B0 0x6FA0      CMP      R0,#+1280
   \   00000032   0xD1F0             BNE.N    ??SetSysClock_0
     41          
     42              if ((RCC->CR & RCC_CR_HSERDY) != RESET) {
   \                     ??SetSysClock_1: (+1)
   \   00000034   0x....             LDR.N    R0,??DataTable7  ;; 0x40021000
   \   00000036   0x6800             LDR      R0,[R0, #+0]
   \   00000038   0x0380             LSLS     R0,R0,#+14
   \   0000003A   0xD502             BPL.N    ??SetSysClock_2
     43                  HSEStatus = (uint32_t)0x01;
   \   0000003C   0x2001             MOVS     R0,#+1
   \   0000003E   0x9000             STR      R0,[SP, #+0]
   \   00000040   0xE001             B.N      ??SetSysClock_3
     44              }
     45              else {
     46                  HSEStatus = (uint32_t)0x00;
   \                     ??SetSysClock_2: (+1)
   \   00000042   0x2000             MOVS     R0,#+0
   \   00000044   0x9000             STR      R0,[SP, #+0]
     47              }
     48          
     49              if (HSEStatus == (uint32_t)0x01) {
   \                     ??SetSysClock_3: (+1)
   \   00000046   0x9800             LDR      R0,[SP, #+0]
   \   00000048   0x2801             CMP      R0,#+1
   \   0000004A   0xD167             BNE.N    ??SetSysClock_4
     50                  /* Enable Prefetch Buffer */
     51                  FLASH->ACR |= FLASH_ACR_PRFTBE;
   \   0000004C   0x....             LDR.N    R0,??DataTable7_6  ;; 0x40022000
   \   0000004E   0x6800             LDR      R0,[R0, #+0]
   \   00000050   0xF050 0x0010      ORRS     R0,R0,#0x10
   \   00000054   0x....             LDR.N    R1,??DataTable7_6  ;; 0x40022000
   \   00000056   0x6008             STR      R0,[R1, #+0]
     52                  /* Flash 0 wait state */
     53                  FLASH->ACR &= (uint32_t)((uint32_t)~FLASH_ACR_LATENCY);
   \   00000058   0x....             LDR.N    R0,??DataTable7_6  ;; 0x40022000
   \   0000005A   0x6800             LDR      R0,[R0, #+0]
   \   0000005C   0x0880             LSRS     R0,R0,#+2
   \   0000005E   0x0080             LSLS     R0,R0,#+2
   \   00000060   0x....             LDR.N    R1,??DataTable7_6  ;; 0x40022000
   \   00000062   0x6008             STR      R0,[R1, #+0]
     54                  FLASH->ACR |= (uint32_t)FLASH_ACR_LATENCY_0;
   \   00000064   0x....             LDR.N    R0,??DataTable7_6  ;; 0x40022000
   \   00000066   0x6800             LDR      R0,[R0, #+0]
   \   00000068   0x....             LDR.N    R1,??DataTable7_6  ;; 0x40022000
   \   0000006A   0x6008             STR      R0,[R1, #+0]
     55          
     56          //@TODO - 1 Set the clock, (//) ??? ??ø? ????? ??? ???? ???? ????? ?? ?????? ??????y? 
     57                  /* HCLK = SYSCLK */
     58                  RCC->CFGR |= (uint32_t)RCC_CFGR_HPRE_DIV1; /*!< SYSCLK not divided */
   \   0000006C   0x....             LDR.N    R0,??DataTable7_1  ;; 0x40021004
   \   0000006E   0x6800             LDR      R0,[R0, #+0]
   \   00000070   0x....             LDR.N    R1,??DataTable7_1  ;; 0x40021004
   \   00000072   0x6008             STR      R0,[R1, #+0]
     59                  /* PCLK2 = HCLK / 2, use PPRE2 */
     60                  RCC->CFGR |= (uint32_t)RCC_CFGR_PPRE2_DIV2;/*!< HCLK divided by 2 */
   \   00000074   0x....             LDR.N    R0,??DataTable7_1  ;; 0x40021004
   \   00000076   0x6800             LDR      R0,[R0, #+0]
   \   00000078   0xF450 0x5000      ORRS     R0,R0,#0x2000
   \   0000007C   0x....             LDR.N    R1,??DataTable7_1  ;; 0x40021004
   \   0000007E   0x6008             STR      R0,[R1, #+0]
     61                  /* PCLK1 = HCLK */
     62                  RCC->CFGR |= (uint32_t)RCC_CFGR_PPRE1_DIV1;  /*!< HCLK not divided */
   \   00000080   0x....             LDR.N    R0,??DataTable7_1  ;; 0x40021004
   \   00000082   0x6800             LDR      R0,[R0, #+0]
   \   00000084   0x....             LDR.N    R1,??DataTable7_1  ;; 0x40021004
   \   00000086   0x6008             STR      R0,[R1, #+0]
     63          
     64                  /* Configure PLLs ------------------------------------------------------*/
     65                  RCC->CFGR &= (uint32_t)~(RCC_CFGR_PLLSRC | RCC_CFGR_PLLMULL);   /*!< PLL entry clock source */ /*!< PLLMUL[3:0] bits (PLL multiplication factor) */
   \   00000088   0x....             LDR.N    R0,??DataTable7_1  ;; 0x40021004
   \   0000008A   0x6800             LDR      R0,[R0, #+0]
   \   0000008C   0xF430 0x1074      BICS     R0,R0,#0x3D0000
   \   00000090   0x....             LDR.N    R1,??DataTable7_1  ;; 0x40021004
   \   00000092   0x6008             STR      R0,[R1, #+0]
     66                  RCC->CFGR |= (uint32_t)(RCC_CFGR_PLLSRC_PREDIV1 | RCC_CFGR_PLLMULL4); /*!< PREDIV1 clock selected as PLL entry clock source */ /*!< PLL input clock * 4 */
   \   00000094   0x....             LDR.N    R0,??DataTable7_1  ;; 0x40021004
   \   00000096   0x6800             LDR      R0,[R0, #+0]
   \   00000098   0xF450 0x2010      ORRS     R0,R0,#0x90000
   \   0000009C   0x....             LDR.N    R1,??DataTable7_1  ;; 0x40021004
   \   0000009E   0x6008             STR      R0,[R1, #+0]
     67          
     68                  RCC->CFGR2 &= (uint32_t)~(RCC_CFGR2_PREDIV2 | RCC_CFGR2_PLL2MUL | RCC_CFGR2_PREDIV1 | RCC_CFGR2_PREDIV1SRC);
   \   000000A0   0x....             LDR.N    R0,??DataTable7_5  ;; 0x4002102c
   \   000000A2   0x6801             LDR      R1,[R0, #+0]
   \   000000A4   0x....             LDR.N    R0,??DataTable7_7  ;; 0xfffef000
   \   000000A6   0x4001             ANDS     R1,R0,R1
   \   000000A8   0x....             LDR.N    R0,??DataTable7_5  ;; 0x4002102c
   \   000000AA   0x6001             STR      R1,[R0, #+0]
     69                  /*!< PREDIV2[3:0] bits */
     70                  RCC->CFGR2 |= (uint32_t)(RCC_CFGR2_PREDIV2_DIV5 | RCC_CFGR2_PLL2MUL13 | RCC_CFGR2_PREDIV1SRC_PLL2 | RCC_CFGR2_PREDIV1_DIV5);
   \   000000AC   0x....             LDR.N    R0,??DataTable7_5  ;; 0x4002102c
   \   000000AE   0x6801             LDR      R1,[R0, #+0]
   \   000000B0   0x....             LDR.N    R0,??DataTable7_8  ;; 0x10b44
   \   000000B2   0x4301             ORRS     R1,R0,R1
   \   000000B4   0x....             LDR.N    R0,??DataTable7_5  ;; 0x4002102c
   \   000000B6   0x6001             STR      R1,[R0, #+0]
     71                  /*!< PREDIV2 input clock divided by 5 */  /*!< PLL2 input clock * 13 */
     72                   /*!< PLL2 selected as PREDIV1 entry clock source */  /*!< PREDIV1 input clock divided by 5 */
     73          //@End of TODO - 1
     74          
     75                  /* Enable PLL2 */
     76                  RCC->CR |= RCC_CR_PLL2ON;
   \   000000B8   0x....             LDR.N    R0,??DataTable7  ;; 0x40021000
   \   000000BA   0x6800             LDR      R0,[R0, #+0]
   \   000000BC   0xF050 0x6080      ORRS     R0,R0,#0x4000000
   \   000000C0   0x....             LDR.N    R1,??DataTable7  ;; 0x40021000
   \   000000C2   0x6008             STR      R0,[R1, #+0]
     77                  /* Wait till PLL2 is ready */
     78                  while ((RCC->CR & RCC_CR_PLL2RDY) == 0)
   \                     ??SetSysClock_5: (+1)
   \   000000C4   0x....             LDR.N    R0,??DataTable7  ;; 0x40021000
   \   000000C6   0x6800             LDR      R0,[R0, #+0]
   \   000000C8   0x0100             LSLS     R0,R0,#+4
   \   000000CA   0xD5FB             BPL.N    ??SetSysClock_5
     79                  {
     80                  }
     81                  /* Enable PLL */
     82                  RCC->CR |= RCC_CR_PLLON;
   \   000000CC   0x....             LDR.N    R0,??DataTable7  ;; 0x40021000
   \   000000CE   0x6800             LDR      R0,[R0, #+0]
   \   000000D0   0xF050 0x7080      ORRS     R0,R0,#0x1000000
   \   000000D4   0x....             LDR.N    R1,??DataTable7  ;; 0x40021000
   \   000000D6   0x6008             STR      R0,[R1, #+0]
     83                  /* Wait till PLL is ready */
     84                  while ((RCC->CR & RCC_CR_PLLRDY) == 0)
   \                     ??SetSysClock_6: (+1)
   \   000000D8   0x....             LDR.N    R0,??DataTable7  ;; 0x40021000
   \   000000DA   0x6800             LDR      R0,[R0, #+0]
   \   000000DC   0x0180             LSLS     R0,R0,#+6
   \   000000DE   0xD5FB             BPL.N    ??SetSysClock_6
     85                  {
     86                  }
     87                  /* Select PLL as system clock source */
     88                  RCC->CFGR &= (uint32_t)((uint32_t)~(RCC_CFGR_SW));
   \   000000E0   0x....             LDR.N    R0,??DataTable7_1  ;; 0x40021004
   \   000000E2   0x6800             LDR      R0,[R0, #+0]
   \   000000E4   0x0880             LSRS     R0,R0,#+2
   \   000000E6   0x0080             LSLS     R0,R0,#+2
   \   000000E8   0x....             LDR.N    R1,??DataTable7_1  ;; 0x40021004
   \   000000EA   0x6008             STR      R0,[R1, #+0]
     89                  RCC->CFGR |= (uint32_t)RCC_CFGR_SW_PLL;
   \   000000EC   0x....             LDR.N    R0,??DataTable7_1  ;; 0x40021004
   \   000000EE   0x6800             LDR      R0,[R0, #+0]
   \   000000F0   0xF050 0x0002      ORRS     R0,R0,#0x2
   \   000000F4   0x....             LDR.N    R1,??DataTable7_1  ;; 0x40021004
   \   000000F6   0x6008             STR      R0,[R1, #+0]
     90                  /* Wait till PLL is used as system clock source */
     91                  while ((RCC->CFGR & (uint32_t)RCC_CFGR_SWS) != (uint32_t)0x08)
   \                     ??SetSysClock_7: (+1)
   \   000000F8   0x....             LDR.N    R0,??DataTable7_1  ;; 0x40021004
   \   000000FA   0x6800             LDR      R0,[R0, #+0]
   \   000000FC   0xF010 0x000C      ANDS     R0,R0,#0xC
   \   00000100   0x2808             CMP      R0,#+8
   \   00000102   0xD1F9             BNE.N    ??SetSysClock_7
     92                  {
     93                  }
     94                  /* Select System Clock as output of MCO */
     95          //@TODO - 2 Set the MCO port for system clock output
     96                  RCC->CFGR &= ~(uint32_t)RCC_CFGR_MCO;
   \   00000104   0x....             LDR.N    R0,??DataTable7_1  ;; 0x40021004
   \   00000106   0x6800             LDR      R0,[R0, #+0]
   \   00000108   0xF030 0x6070      BICS     R0,R0,#0xF000000
   \   0000010C   0x....             LDR.N    R1,??DataTable7_1  ;; 0x40021004
   \   0000010E   0x6008             STR      R0,[R1, #+0]
     97                  RCC->CFGR |= RCC_CFGR_MCO_SYSCLK;
   \   00000110   0x....             LDR.N    R0,??DataTable7_1  ;; 0x40021004
   \   00000112   0x6800             LDR      R0,[R0, #+0]
   \   00000114   0xF050 0x6080      ORRS     R0,R0,#0x4000000
   \   00000118   0x....             LDR.N    R1,??DataTable7_1  ;; 0x40021004
   \   0000011A   0x6008             STR      R0,[R1, #+0]
     98          //@End of TODO - 2
     99              }
    100              else {
    101                  /* If HSE fails to start-up, the application will have wrong clock
    102                  configuration. User can add here some code to deal with this error */
    103              }
    104          }
   \                     ??SetSysClock_4: (+1)
   \   0000011C   0xB002             ADD      SP,SP,#+8
   \   0000011E   0x4770             BX       LR               ;; return
    105          

   \                                 In section .text, align 2, keep-with-next
    106          void RCC_Enable(void) {
    107          //@TODO - 3 RCC Setting
    108              /*---------------------------- RCC Configuration -----------------------------*/
    109              /* GPIO RCC Enable  */
    110              /* UART Tx, Rx, MCO port */
    111              RCC->APB2ENR |= RCC_APB2ENR_IOPAEN;
   \                     RCC_Enable: (+1)
   \   00000000   0x....             LDR.N    R0,??DataTable7_9  ;; 0x40021018
   \   00000002   0x6800             LDR      R0,[R0, #+0]
   \   00000004   0xF050 0x0004      ORRS     R0,R0,#0x4
   \   00000008   0x....             LDR.N    R1,??DataTable7_9  ;; 0x40021018
   \   0000000A   0x6008             STR      R0,[R1, #+0]
    112              /* USART RCC Enable */
    113              RCC->APB2ENR |= RCC_APB2ENR_USART1EN;
   \   0000000C   0x....             LDR.N    R0,??DataTable7_9  ;; 0x40021018
   \   0000000E   0x6800             LDR      R0,[R0, #+0]
   \   00000010   0xF450 0x4080      ORRS     R0,R0,#0x4000
   \   00000014   0x....             LDR.N    R1,??DataTable7_9  ;; 0x40021018
   \   00000016   0x6008             STR      R0,[R1, #+0]
    114          	/* User S1 Button RCC Enable */
    115              RCC->APB2ENR |= RCC_APB2ENR_IOPCEN;
   \   00000018   0x....             LDR.N    R0,??DataTable7_9  ;; 0x40021018
   \   0000001A   0x6800             LDR      R0,[R0, #+0]
   \   0000001C   0xF050 0x0010      ORRS     R0,R0,#0x10
   \   00000020   0x....             LDR.N    R1,??DataTable7_9  ;; 0x40021018
   \   00000022   0x6008             STR      R0,[R1, #+0]
    116          }
   \   00000024   0x4770             BX       LR               ;; return
    117          

   \                                 In section .text, align 2, keep-with-next
    118          void PortConfiguration(void) {
    119          //@TODO - 4 GPIO Configuration
    120              /* Reset(Clear) Port A CRH - MCO, USART1 TX,RX*/
    121              GPIOA->CRH &= ~(
    122          	    (GPIO_CRH_CNF8 | GPIO_CRH_MODE8) |
    123          	    (GPIO_CRH_CNF9 | GPIO_CRH_MODE9) |
    124          	    (GPIO_CRH_CNF10 | GPIO_CRH_MODE10)
    125          	);
   \                     PortConfiguration: (+1)
   \   00000000   0x....             LDR.N    R0,??DataTable7_10  ;; 0x40010804
   \   00000002   0x6800             LDR      R0,[R0, #+0]
   \   00000004   0x0B00             LSRS     R0,R0,#+12
   \   00000006   0x0300             LSLS     R0,R0,#+12
   \   00000008   0x....             LDR.N    R1,??DataTable7_10  ;; 0x40010804
   \   0000000A   0x6008             STR      R0,[R1, #+0]
    126              /* MCO Pin Configuration */
    127              GPIOA->CRH |= GPIO_CRH_MODE8_1 | GPIO_CRH_CNF8_1;
   \   0000000C   0x....             LDR.N    R0,??DataTable7_10  ;; 0x40010804
   \   0000000E   0x6800             LDR      R0,[R0, #+0]
   \   00000010   0xF050 0x000A      ORRS     R0,R0,#0xA
   \   00000014   0x....             LDR.N    R1,??DataTable7_10  ;; 0x40010804
   \   00000016   0x6008             STR      R0,[R1, #+0]
    128              /* USART Pin Configuration */
    129              GPIOA->CRH |= GPIO_CRH_MODE9_1 | GPIO_CRH_CNF9_1 | GPIO_CRH_CNF10_1;
   \   00000018   0x....             LDR.N    R0,??DataTable7_10  ;; 0x40010804
   \   0000001A   0x6800             LDR      R0,[R0, #+0]
   \   0000001C   0xF450 0x600A      ORRS     R0,R0,#0x8A0
   \   00000020   0x....             LDR.N    R1,??DataTable7_10  ;; 0x40010804
   \   00000022   0x6008             STR      R0,[R1, #+0]
    130              
    131              /* Reset(Clear) Port C CRH - User S1 Button */
    132              GPIOC->CRH &= ~(GPIO_CRH_CNF13 | GPIO_CRH_MODE13);
   \   00000024   0x....             LDR.N    R0,??DataTable7_11  ;; 0x40011004
   \   00000026   0x6800             LDR      R0,[R0, #+0]
   \   00000028   0xF430 0x0070      BICS     R0,R0,#0xF00000
   \   0000002C   0x....             LDR.N    R1,??DataTable7_11  ;; 0x40011004
   \   0000002E   0x6008             STR      R0,[R1, #+0]
    133              /* User S1 Button Configuration */
    134              GPIOC->CRH |= GPIO_CRH_CNF13_1;
   \   00000030   0x....             LDR.N    R0,??DataTable7_11  ;; 0x40011004
   \   00000032   0x6800             LDR      R0,[R0, #+0]
   \   00000034   0xF450 0x0000      ORRS     R0,R0,#0x800000
   \   00000038   0x....             LDR.N    R1,??DataTable7_11  ;; 0x40011004
   \   0000003A   0x6008             STR      R0,[R1, #+0]
    135          }
   \   0000003C   0x4770             BX       LR               ;; return
    136          

   \                                 In section .text, align 2, keep-with-next
    137          void UartInit(void) {
    138              /*---------------------------- USART CR1 Configuration -----------------------*/
    139              /* Clear M, PCE, PS, TE and RE bits */
    140              USART1->CR1 &= ~(uint32_t)(USART_CR1_M | USART_CR1_PCE | USART_CR1_PS | USART_CR1_TE | USART_CR1_RE);
   \                     UartInit: (+1)
   \   00000000   0x....             LDR.N    R0,??DataTable7_12  ;; 0x4001380c
   \   00000002   0x8801             LDRH     R1,[R0, #+0]
   \   00000004   0xF64E 0x10F3      MOVW     R0,#+59891
   \   00000008   0x4001             ANDS     R1,R0,R1
   \   0000000A   0x....             LDR.N    R0,??DataTable7_12  ;; 0x4001380c
   \   0000000C   0x8001             STRH     R1,[R0, #+0]
    141              /* Configure the USART Word Length, Parity and mode ----------------------- */
    142              /* Set the M bits according to USART_WordLength value */
    143          //@TODO - 6: WordLength : 8bit
    144              USART1->CR1 |= (uint32_t)(USART_WordLength_8b);
   \   0000000E   0x....             LDR.N    R0,??DataTable7_12  ;; 0x4001380c
   \   00000010   0x8800             LDRH     R0,[R0, #+0]
   \   00000012   0x....             LDR.N    R1,??DataTable7_12  ;; 0x4001380c
   \   00000014   0x8008             STRH     R0,[R1, #+0]
    145              
    146              /* Set PCE and PS bits according to USART_Parity value */
    147          //@TODO - 7: Parity : None
    148              USART1->CR1 |= (uint32_t)(USART_Parity_No);
   \   00000016   0x....             LDR.N    R0,??DataTable7_12  ;; 0x4001380c
   \   00000018   0x8800             LDRH     R0,[R0, #+0]
   \   0000001A   0x....             LDR.N    R1,??DataTable7_12  ;; 0x4001380c
   \   0000001C   0x8008             STRH     R0,[R1, #+0]
    149              /* Set TE and RE bits according to USART_Mode value */
    150          //@TODO - 8: Enable Tx and Rx
    151              USART1->CR1 |= (uint32_t)(USART_Mode_Rx | USART_Mode_Tx);
   \   0000001E   0x....             LDR.N    R0,??DataTable7_12  ;; 0x4001380c
   \   00000020   0x8800             LDRH     R0,[R0, #+0]
   \   00000022   0xF050 0x000C      ORRS     R0,R0,#0xC
   \   00000026   0x....             LDR.N    R1,??DataTable7_12  ;; 0x4001380c
   \   00000028   0x8008             STRH     R0,[R1, #+0]
    152              /*---------------------------- USART CR2 Configuration -----------------------*/
    153              /* Clear STOP[13:12] bits */
    154              USART1->CR2 &= ~(uint32_t)(USART_CR2_STOP);
   \   0000002A   0x....             LDR.N    R0,??DataTable7_13  ;; 0x40013810
   \   0000002C   0x8801             LDRH     R1,[R0, #+0]
   \   0000002E   0xF64C 0x70FF      MOVW     R0,#+53247
   \   00000032   0x4001             ANDS     R1,R0,R1
   \   00000034   0x....             LDR.N    R0,??DataTable7_13  ;; 0x40013810
   \   00000036   0x8001             STRH     R1,[R0, #+0]
    155              /* Configure the USART Stop Bits, Clock, CPOL, CPHA and LastBit ------------*/
    156              USART1->CR2 &= ~(uint32_t)(USART_CR2_CPHA | USART_CR2_CPOL | USART_CR2_CLKEN);
   \   00000038   0x....             LDR.N    R0,??DataTable7_13  ;; 0x40013810
   \   0000003A   0x8801             LDRH     R1,[R0, #+0]
   \   0000003C   0xF24F 0x10FF      MOVW     R0,#+61951
   \   00000040   0x4001             ANDS     R1,R0,R1
   \   00000042   0x....             LDR.N    R0,??DataTable7_13  ;; 0x40013810
   \   00000044   0x8001             STRH     R1,[R0, #+0]
    157              /* Set STOP[13:12] bits according to USART_StopBits value */
    158          //@TODO - 9: Stop bit : 1bit
    159              
    160          
    161              /*---------------------------- USART CR3 Configuration -----------------------*/
    162              /* Clear CTSE and RTSE bits */
    163              USART1->CR3 &= ~(uint32_t)(USART_CR3_CTSE | USART_CR3_RTSE);
   \   00000046   0x....             LDR.N    R0,??DataTable7_14  ;; 0x40013814
   \   00000048   0x8801             LDRH     R1,[R0, #+0]
   \   0000004A   0xF64F 0x40FF      MOVW     R0,#+64767
   \   0000004E   0x4001             ANDS     R1,R0,R1
   \   00000050   0x....             LDR.N    R0,??DataTable7_14  ;; 0x40013814
   \   00000052   0x8001             STRH     R1,[R0, #+0]
    164              /* Configure the USART HFC -------------------------------------------------*/
    165              /* Set CTSE and RTSE bits according to USART_HardwareFlowControl value */
    166          //@TODO - 10: CTS, RTS : disable
    167               // USART1->CR3 |= USART_HardwareFlowControl_None;
    168              
    169          
    170              /*---------------------------- USART BRR Configuration -----------------------*/
    171              /* Configure the USART Baud Rate -------------------------------------------*/
    172              /* Determine the integer part */
    173              /* Determine the fractional part */
    174          //@TODO - 11: Calculate & configure BRR
    175              USART1->BRR |= 0xA94;
   \   00000054   0x....             LDR.N    R0,??DataTable7_15  ;; 0x40013808
   \   00000056   0x8801             LDRH     R1,[R0, #+0]
   \   00000058   0xF640 0x2094      MOVW     R0,#+2708
   \   0000005C   0x4301             ORRS     R1,R0,R1
   \   0000005E   0x....             LDR.N    R0,??DataTable7_15  ;; 0x40013808
   \   00000060   0x8001             STRH     R1,[R0, #+0]
    176          
    177              /*---------------------------- USART Enable ----------------------------------*/
    178              /* USART Enable Configuration */
    179          //@TODO - 12: Enable UART (UE)
    180              USART1->CR1 |= USART_CR1_UE;
   \   00000062   0x....             LDR.N    R0,??DataTable7_12  ;; 0x4001380c
   \   00000064   0x8800             LDRH     R0,[R0, #+0]
   \   00000066   0xF450 0x5000      ORRS     R0,R0,#0x2000
   \   0000006A   0x....             LDR.N    R1,??DataTable7_12  ;; 0x4001380c
   \   0000006C   0x8008             STRH     R0,[R1, #+0]
    181          }
   \   0000006E   0x4770             BX       LR               ;; return
    182          

   \                                 In section .text, align 2, keep-with-next
    183          void delay(void){
    184              int i = 0;
   \                     delay: (+1)
   \   00000000   0x2000             MOVS     R0,#+0
    185              for(i=0;i<1000000;i++);
   \   00000002   0x2000             MOVS     R0,#+0
   \   00000004   0xE000             B.N      ??delay_0
   \                     ??delay_1: (+1)
   \   00000006   0x1C40             ADDS     R0,R0,#+1
   \                     ??delay_0: (+1)
   \   00000008   0x....             LDR.N    R1,??DataTable7_16  ;; 0xf4240
   \   0000000A   0x4288             CMP      R0,R1
   \   0000000C   0xDBFB             BLT.N    ??delay_1
    186          }
   \   0000000E   0x4770             BX       LR               ;; return
    187          

   \                                 In section .text, align 2, keep-with-next
    188          void SendData(uint16_t data) {
    189              /* Transmit Data */
    190          	USART1->DR = data;
   \                     SendData: (+1)
   \   00000000   0x....             LDR.N    R1,??DataTable7_17  ;; 0x40013804
   \   00000002   0x8008             STRH     R0,[R1, #+0]
    191          
    192          	/* Wait till TC is set */
    193          	while ((USART1->SR & USART_SR_TC) == 0);
   \                     ??SendData_0: (+1)
   \   00000004   0x....             LDR.N    R0,??DataTable7_18  ;; 0x40013800
   \   00000006   0x8800             LDRH     R0,[R0, #+0]
   \   00000008   0x0640             LSLS     R0,R0,#+25
   \   0000000A   0xD5FB             BPL.N    ??SendData_0
    194          }
   \   0000000C   0x4770             BX       LR               ;; return
    195          

   \                                 In section .text, align 2, keep-with-next
    196          int main() {
   \                     main: (+1)
   \   00000000   0xB51F             PUSH     {R0-R4,LR}
    197          	int i;
    198          	char msg[] = "Hello Team10\r\n";
   \   00000002   0x4668             MOV      R0,SP
   \   00000004   0x....             LDR.N    R1,??DataTable7_19
   \   00000006   0x2210             MOVS     R2,#+16
   \   00000008   0x.... 0x....      BL       __aeabi_memcpy4
    199          	
    200              SysInit();
   \   0000000C   0x.... 0x....      BL       SysInit
    201              SetSysClock();
   \   00000010   0x.... 0x....      BL       SetSysClock
    202              RCC_Enable();
   \   00000014   0x.... 0x....      BL       RCC_Enable
    203              PortConfiguration();
   \   00000018   0x.... 0x....      BL       PortConfiguration
    204              UartInit();
   \   0000001C   0x.... 0x....      BL       UartInit
   \   00000020   0xE00E             B.N      ??main_0
    205              
    206              // if you need, init pin values here
    207              
    208              
    209              
    210              while(1) {
    211          		//@TODO - 13: Send the message when button is pressed
    212                if(~GPIOC->IDR & GPIO_IDR_IDR13){
    213                  for(i = 0; msg[i] != '\n'; i++){
    214                    SendData(msg[i]);
   \                     ??main_1: (+1)
   \   00000022   0x4668             MOV      R0,SP
   \   00000024   0x5D00             LDRB     R0,[R0, R4]
   \   00000026   0xB280             UXTH     R0,R0            ;; ZeroExt  R0,R0,#+16,#+16
   \   00000028   0x.... 0x....      BL       SendData
    215                  }
   \   0000002C   0x1C64             ADDS     R4,R4,#+1
   \                     ??main_2: (+1)
   \   0000002E   0x4668             MOV      R0,SP
   \   00000030   0x5D00             LDRB     R0,[R0, R4]
   \   00000032   0x280A             CMP      R0,#+10
   \   00000034   0xD1F5             BNE.N    ??main_1
    216                  SendData('\n');
   \   00000036   0x200A             MOVS     R0,#+10
   \   00000038   0x.... 0x....      BL       SendData
    217                }
    218                delay();
   \                     ??main_3: (+1)
   \   0000003C   0x.... 0x....      BL       delay
   \                     ??main_0: (+1)
   \   00000040   0x....             LDR.N    R0,??DataTable7_20  ;; 0x40011008
   \   00000042   0x6800             LDR      R0,[R0, #+0]
   \   00000044   0x43C0             MVNS     R0,R0
   \   00000046   0x0480             LSLS     R0,R0,#+18
   \   00000048   0xD5F8             BPL.N    ??main_3
   \   0000004A   0x2400             MOVS     R4,#+0
   \   0000004C   0xE7EF             B.N      ??main_2
    219          	}
    220          
    221          }// end main

   \                                 In section .text, align 4, keep-with-next
   \                     ??DataTable7:
   \   00000000   0x40021000         DC32     0x40021000

   \                                 In section .text, align 4, keep-with-next
   \                     ??DataTable7_1:
   \   00000000   0x40021004         DC32     0x40021004

   \                                 In section .text, align 4, keep-with-next
   \                     ??DataTable7_2:
   \   00000000   0xF0FF0000         DC32     0xf0ff0000

   \                                 In section .text, align 4, keep-with-next
   \                     ??DataTable7_3:
   \   00000000   0xFEF6FFFF         DC32     0xfef6ffff

   \                                 In section .text, align 4, keep-with-next
   \                     ??DataTable7_4:
   \   00000000   0x40021008         DC32     0x40021008

   \                                 In section .text, align 4, keep-with-next
   \                     ??DataTable7_5:
   \   00000000   0x4002102C         DC32     0x4002102c

   \                                 In section .text, align 4, keep-with-next
   \                     ??DataTable7_6:
   \   00000000   0x40022000         DC32     0x40022000

   \                                 In section .text, align 4, keep-with-next
   \                     ??DataTable7_7:
   \   00000000   0xFFFEF000         DC32     0xfffef000

   \                                 In section .text, align 4, keep-with-next
   \                     ??DataTable7_8:
   \   00000000   0x00010B44         DC32     0x10b44

   \                                 In section .text, align 4, keep-with-next
   \                     ??DataTable7_9:
   \   00000000   0x40021018         DC32     0x40021018

   \                                 In section .text, align 4, keep-with-next
   \                     ??DataTable7_10:
   \   00000000   0x40010804         DC32     0x40010804

   \                                 In section .text, align 4, keep-with-next
   \                     ??DataTable7_11:
   \   00000000   0x40011004         DC32     0x40011004

   \                                 In section .text, align 4, keep-with-next
   \                     ??DataTable7_12:
   \   00000000   0x4001380C         DC32     0x4001380c

   \                                 In section .text, align 4, keep-with-next
   \                     ??DataTable7_13:
   \   00000000   0x40013810         DC32     0x40013810

   \                                 In section .text, align 4, keep-with-next
   \                     ??DataTable7_14:
   \   00000000   0x40013814         DC32     0x40013814

   \                                 In section .text, align 4, keep-with-next
   \                     ??DataTable7_15:
   \   00000000   0x40013808         DC32     0x40013808

   \                                 In section .text, align 4, keep-with-next
   \                     ??DataTable7_16:
   \   00000000   0x000F4240         DC32     0xf4240

   \                                 In section .text, align 4, keep-with-next
   \                     ??DataTable7_17:
   \   00000000   0x40013804         DC32     0x40013804

   \                                 In section .text, align 4, keep-with-next
   \                     ??DataTable7_18:
   \   00000000   0x40013800         DC32     0x40013800

   \                                 In section .text, align 4, keep-with-next
   \                     ??DataTable7_19:
   \   00000000   0x........         DC32     ?_0

   \                                 In section .text, align 4, keep-with-next
   \                     ??DataTable7_20:
   \   00000000   0x40011008         DC32     0x40011008

   \                                 In section .rodata, align 4
   \                     ?_0:
   \   00000000   0x48 0x65          DC8 "Hello Team10\015\012"
   \              0x6C 0x6C    
   \              0x6F 0x20    
   \              0x54 0x65    
   \              0x61 0x6D    
   \              0x31 0x30    
   \              0x0D 0x0A    
   \              0x00         
   \   0000000F   0x00               DC8 0

   Maximum stack usage in bytes:

   .cstack Function
   ------- --------
       0   PortConfiguration
       0   RCC_Enable
       0   SendData
       8   SetSysClock
       0   SysInit
       0   UartInit
       0   delay
      24   main
        24   -> PortConfiguration
        24   -> RCC_Enable
        24   -> SendData
        24   -> SetSysClock
        24   -> SysInit
        24   -> UartInit
        24   -> __aeabi_memcpy4
        24   -> delay


   Section sizes:

   Bytes  Function/Label
   -----  --------------
       4  ??DataTable7
       4  ??DataTable7_1
       4  ??DataTable7_10
       4  ??DataTable7_11
       4  ??DataTable7_12
       4  ??DataTable7_13
       4  ??DataTable7_14
       4  ??DataTable7_15
       4  ??DataTable7_16
       4  ??DataTable7_17
       4  ??DataTable7_18
       4  ??DataTable7_19
       4  ??DataTable7_2
       4  ??DataTable7_20
       4  ??DataTable7_3
       4  ??DataTable7_4
       4  ??DataTable7_5
       4  ??DataTable7_6
       4  ??DataTable7_7
       4  ??DataTable7_8
       4  ??DataTable7_9
      16  ?_0
      62  PortConfiguration
      38  RCC_Enable
      14  SendData
     288  SetSysClock
      88  SysInit
     112  UartInit
      16  delay
      78  main

 
  16 bytes in section .rodata
 780 bytes in section .text
 
 780 bytes of CODE  memory
  16 bytes of CONST memory

Errors: none
Warnings: none
